[2024-11-14 21:54:59] local.ERROR: Please provide a valid cache path. {"exception":"[object] (InvalidArgumentException(code: 0): Please provide a valid cache path. at C:\\Users\\MSI\\Desktop\\5eme\\Laravel\\projet\\Laravel_RescuFood\\vendor\\laravel\\framework\\src\\Illuminate\\View\\Compilers\\Compiler.php:66)
[stacktrace]
#0 C:\\Users\\MSI\\Desktop\\5eme\\Laravel\\projet\\Laravel_RescuFood\\vendor\\laravel\\framework\\src\\Illuminate\\View\\ViewServiceProvider.php(96): Illuminate\\View\\Compilers\\Compiler->__construct()
#1 C:\\Users\\MSI\\Desktop\\5eme\\Laravel\\projet\\Laravel_RescuFood\\vendor\\laravel\\framework\\src\\Illuminate\\Container\\Container.php(885): Illuminate\\View\\ViewServiceProvider->Illuminate\\View\\{closure}()
#2 C:\\Users\\MSI\\Desktop\\5eme\\Laravel\\projet\\Laravel_RescuFood\\vendor\\laravel\\framework\\src\\Illuminate\\Container\\Container.php(770): Illuminate\\Container\\Container->build()
#3 C:\\Users\\MSI\\Desktop\\5eme\\Laravel\\projet\\Laravel_RescuFood\\vendor\\laravel\\framework\\src\\Illuminate\\Foundation\\Application.php(856): Illuminate\\Container\\Container->resolve()
#4 C:\\Users\\MSI\\Desktop\\5eme\\Laravel\\projet\\Laravel_RescuFood\\vendor\\laravel\\framework\\src\\Illuminate\\Container\\Container.php(706): Illuminate\\Foundation\\Application->resolve()
#5 C:\\Users\\MSI\\Desktop\\5eme\\Laravel\\projet\\Laravel_RescuFood\\vendor\\laravel\\framework\\src\\Illuminate\\Foundation\\Application.php(841): Illuminate\\Container\\Container->make()
#6 C:\\Users\\MSI\\Desktop\\5eme\\Laravel\\projet\\Laravel_RescuFood\\vendor\\laravel\\framework\\src\\Illuminate\\Container\\Container.php(1431): Illuminate\\Foundation\\Application->make()
#7 C:\\Users\\MSI\\Desktop\\5eme\\Laravel\\projet\\Laravel_RescuFood\\vendor\\laravel\\framework\\src\\Illuminate\\View\\ViewServiceProvider.php(164): Illuminate\\Container\\Container->offsetGet()
#8 [internal function]: Illuminate\\View\\ViewServiceProvider->Illuminate\\View\\{closure}()
#9 C:\\Users\\MSI\\Desktop\\5eme\\Laravel\\projet\\Laravel_RescuFood\\vendor\\laravel\\framework\\src\\Illuminate\\View\\Engines\\EngineResolver.php(55): call_user_func()
#10 C:\\Users\\MSI\\Desktop\\5eme\\Laravel\\projet\\Laravel_RescuFood\\vendor\\laravel\\framework\\src\\Illuminate\\View\\Factory.php(310): Illuminate\\View\\Engines\\EngineResolver->resolve()
#11 C:\\Users\\MSI\\Desktop\\5eme\\Laravel\\projet\\Laravel_RescuFood\\vendor\\laravel\\framework\\src\\Illuminate\\View\\Factory.php(274): Illuminate\\View\\Factory->getEngineFromPath()
#12 C:\\Users\\MSI\\Desktop\\5eme\\Laravel\\projet\\Laravel_RescuFood\\vendor\\laravel\\framework\\src\\Illuminate\\View\\Factory.php(146): Illuminate\\View\\Factory->viewInstance()
#13 C:\\Users\\MSI\\Desktop\\5eme\\Laravel\\projet\\Laravel_RescuFood\\vendor\\laravel\\framework\\src\\Illuminate\\Foundation\\helpers.php(1035): Illuminate\\View\\Factory->make()
#14 C:\\Users\\MSI\\Desktop\\5eme\\Laravel\\projet\\Laravel_RescuFood\\app\\Http\\Controllers\\FrontPageController.php(25): view()
#15 C:\\Users\\MSI\\Desktop\\5eme\\Laravel\\projet\\Laravel_RescuFood\\vendor\\laravel\\framework\\src\\Illuminate\\Routing\\Controller.php(54): App\\Http\\Controllers\\FrontPageController->showFrontOffice()
#16 C:\\Users\\MSI\\Desktop\\5eme\\Laravel\\projet\\Laravel_RescuFood\\vendor\\laravel\\framework\\src\\Illuminate\\Routing\\ControllerDispatcher.php(43): Illuminate\\Routing\\Controller->callAction()
#17 C:\\Users\\MSI\\Desktop\\5eme\\Laravel\\projet\\Laravel_RescuFood\\vendor\\laravel\\framework\\src\\Illuminate\\Routing\\Route.php(259): Illuminate\\Routing\\ControllerDispatcher->dispatch()
#18 C:\\Users\\MSI\\Desktop\\5eme\\Laravel\\projet\\Laravel_RescuFood\\vendor\\laravel\\framework\\src\\Illuminate\\Routing\\Route.php(205): Illuminate\\Routing\\Route->runController()
#19 C:\\Users\\MSI\\Desktop\\5eme\\Laravel\\projet\\Laravel_RescuFood\\vendor\\laravel\\framework\\src\\Illuminate\\Routing\\Router.php(798): Illuminate\\Routing\\Route->run()
#20 C:\\Users\\MSI\\Desktop\\5eme\\Laravel\\projet\\Laravel_RescuFood\\vendor\\laravel\\framework\\src\\Illuminate\\Pipeline\\Pipeline.php(141): Illuminate\\Routing\\Router->Illuminate\\Routing\\{closure}()
#21 C:\\Users\\MSI\\Desktop\\5eme\\Laravel\\projet\\Laravel_RescuFood\\vendor\\laravel\\framework\\src\\Illuminate\\Routing\\Middleware\\SubstituteBindings.php(50): Illuminate\\Pipeline\\Pipeline->Illuminate\\Pipeline\\{closure}()
#22 C:\\Users\\MSI\\Desktop\\5eme\\Laravel\\projet\\Laravel_RescuFood\\vendor\\laravel\\framework\\src\\Illuminate\\Pipeline\\Pipeline.php(180): Illuminate\\Routing\\Middleware\\SubstituteBindings->handle()
#23 C:\\Users\\MSI\\Desktop\\5eme\\Laravel\\projet\\Laravel_RescuFood\\vendor\\laravel\\framework\\src\\Illuminate\\Foundation\\Http\\Middleware\\VerifyCsrfToken.php(78): Illuminate\\Pipeline\\Pipeline->Illuminate\\Pipeline\\{closure}()
#24 C:\\Users\\MSI\\Desktop\\5eme\\Laravel\\projet\\Laravel_RescuFood\\vendor\\laravel\\framework\\src\\Illuminate\\Pipeline\\Pipeline.php(180): Illuminate\\Foundation\\Http\\Middleware\\VerifyCsrfToken->handle()
#25 C:\\Users\\MSI\\Desktop\\5eme\\Laravel\\projet\\Laravel_RescuFood\\vendor\\laravel\\framework\\src\\Illuminate\\View\\Middleware\\ShareErrorsFromSession.php(49): Illuminate\\Pipeline\\Pipeline->Illuminate\\Pipeline\\{closure}()
#26 C:\\Users\\MSI\\Desktop\\5eme\\Laravel\\projet\\Laravel_RescuFood\\vendor\\laravel\\framework\\src\\Illuminate\\Pipeline\\Pipeline.php(180): Illuminate\\View\\Middleware\\ShareErrorsFromSession->handle()
#27 C:\\Users\\MSI\\Desktop\\5eme\\Laravel\\projet\\Laravel_RescuFood\\vendor\\laravel\\framework\\src\\Illuminate\\Session\\Middleware\\StartSession.php(121): Illuminate\\Pipeline\\Pipeline->Illuminate\\Pipeline\\{closure}()
#28 C:\\Users\\MSI\\Desktop\\5eme\\Laravel\\projet\\Laravel_RescuFood\\vendor\\laravel\\framework\\src\\Illuminate\\Session\\Middleware\\StartSession.php(64): Illuminate\\Session\\Middleware\\StartSession->handleStatefulRequest()
#29 C:\\Users\\MSI\\Desktop\\5eme\\Laravel\\projet\\Laravel_RescuFood\\vendor\\laravel\\framework\\src\\Illuminate\\Pipeline\\Pipeline.php(180): Illuminate\\Session\\Middleware\\StartSession->handle()
#30 C:\\Users\\MSI\\Desktop\\5eme\\Laravel\\projet\\Laravel_RescuFood\\vendor\\laravel\\framework\\src\\Illuminate\\Cookie\\Middleware\\AddQueuedCookiesToResponse.php(37): Illuminate\\Pipeline\\Pipeline->Illuminate\\Pipeline\\{closure}()
#31 C:\\Users\\MSI\\Desktop\\5eme\\Laravel\\projet\\Laravel_RescuFood\\vendor\\laravel\\framework\\src\\Illuminate\\Pipeline\\Pipeline.php(180): Illuminate\\Cookie\\Middleware\\AddQueuedCookiesToResponse->handle()
#32 C:\\Users\\MSI\\Desktop\\5eme\\Laravel\\projet\\Laravel_RescuFood\\vendor\\laravel\\framework\\src\\Illuminate\\Cookie\\Middleware\\EncryptCookies.php(67): Illuminate\\Pipeline\\Pipeline->Illuminate\\Pipeline\\{closure}()
#33 C:\\Users\\MSI\\Desktop\\5eme\\Laravel\\projet\\Laravel_RescuFood\\vendor\\laravel\\framework\\src\\Illuminate\\Pipeline\\Pipeline.php(180): Illuminate\\Cookie\\Middleware\\EncryptCookies->handle()
#34 C:\\Users\\MSI\\Desktop\\5eme\\Laravel\\projet\\Laravel_RescuFood\\vendor\\laravel\\framework\\src\\Illuminate\\Pipeline\\Pipeline.php(116): Illuminate\\Pipeline\\Pipeline->Illuminate\\Pipeline\\{closure}()
#35 C:\\Users\\MSI\\Desktop\\5eme\\Laravel\\projet\\Laravel_RescuFood\\vendor\\laravel\\framework\\src\\Illuminate\\Routing\\Router.php(797): Illuminate\\Pipeline\\Pipeline->then()
#36 C:\\Users\\MSI\\Desktop\\5eme\\Laravel\\projet\\Laravel_RescuFood\\vendor\\laravel\\framework\\src\\Illuminate\\Routing\\Router.php(776): Illuminate\\Routing\\Router->runRouteWithinStack()
#37 C:\\Users\\MSI\\Desktop\\5eme\\Laravel\\projet\\Laravel_RescuFood\\vendor\\laravel\\framework\\src\\Illuminate\\Routing\\Router.php(740): Illuminate\\Routing\\Router->runRoute()
#38 C:\\Users\\MSI\\Desktop\\5eme\\Laravel\\projet\\Laravel_RescuFood\\vendor\\laravel\\framework\\src\\Illuminate\\Routing\\Router.php(729): Illuminate\\Routing\\Router->dispatchToRoute()
#39 C:\\Users\\MSI\\Desktop\\5eme\\Laravel\\projet\\Laravel_RescuFood\\vendor\\laravel\\framework\\src\\Illuminate\\Foundation\\Http\\Kernel.php(190): Illuminate\\Routing\\Router->dispatch()
#40 C:\\Users\\MSI\\Desktop\\5eme\\Laravel\\projet\\Laravel_RescuFood\\vendor\\laravel\\framework\\src\\Illuminate\\Pipeline\\Pipeline.php(141): Illuminate\\Foundation\\Http\\Kernel->Illuminate\\Foundation\\Http\\{closure}()
#41 C:\\Users\\MSI\\Desktop\\5eme\\Laravel\\projet\\Laravel_RescuFood\\vendor\\laravel\\framework\\src\\Illuminate\\Foundation\\Http\\Middleware\\TransformsRequest.php(21): Illuminate\\Pipeline\\Pipeline->Illuminate\\Pipeline\\{closure}()
#42 C:\\Users\\MSI\\Desktop\\5eme\\Laravel\\projet\\Laravel_RescuFood\\vendor\\laravel\\framework\\src\\Illuminate\\Foundation\\Http\\Middleware\\ConvertEmptyStringsToNull.php(31): Illuminate\\Foundation\\Http\\Middleware\\TransformsRequest->handle()
#43 C:\\Users\\MSI\\Desktop\\5eme\\Laravel\\projet\\Laravel_RescuFood\\vendor\\laravel\\framework\\src\\Illuminate\\Pipeline\\Pipeline.php(180): Illuminate\\Foundation\\Http\\Middleware\\ConvertEmptyStringsToNull->handle()
#44 C:\\Users\\MSI\\Desktop\\5eme\\Laravel\\projet\\Laravel_RescuFood\\vendor\\laravel\\framework\\src\\Illuminate\\Foundation\\Http\\Middleware\\TransformsRequest.php(21): Illuminate\\Pipeline\\Pipeline->Illuminate\\Pipeline\\{closure}()
#45 C:\\Users\\MSI\\Desktop\\5eme\\Laravel\\projet\\Laravel_RescuFood\\vendor\\laravel\\framework\\src\\Illuminate\\Foundation\\Http\\Middleware\\TrimStrings.php(40): Illuminate\\Foundation\\Http\\Middleware\\TransformsRequest->handle()
#46 C:\\Users\\MSI\\Desktop\\5eme\\Laravel\\projet\\Laravel_RescuFood\\vendor\\laravel\\framework\\src\\Illuminate\\Pipeline\\Pipeline.php(180): Illuminate\\Foundation\\Http\\Middleware\\TrimStrings->handle()
#47 C:\\Users\\MSI\\Desktop\\5eme\\Laravel\\projet\\Laravel_RescuFood\\vendor\\laravel\\framework\\src\\Illuminate\\Foundation\\Http\\Middleware\\ValidatePostSize.php(27): Illuminate\\Pipeline\\Pipeline->Illuminate\\Pipeline\\{closure}()
#48 C:\\Users\\MSI\\Desktop\\5eme\\Laravel\\projet\\Laravel_RescuFood\\vendor\\laravel\\framework\\src\\Illuminate\\Pipeline\\Pipeline.php(180): Illuminate\\Foundation\\Http\\Middleware\\ValidatePostSize->handle()
#49 C:\\Users\\MSI\\Desktop\\5eme\\Laravel\\projet\\Laravel_RescuFood\\vendor\\laravel\\framework\\src\\Illuminate\\Foundation\\Http\\Middleware\\PreventRequestsDuringMaintenance.php(86): Illuminate\\Pipeline\\Pipeline->Illuminate\\Pipeline\\{closure}()
#50 C:\\Users\\MSI\\Desktop\\5eme\\Laravel\\projet\\Laravel_RescuFood\\vendor\\laravel\\framework\\src\\Illuminate\\Pipeline\\Pipeline.php(180): Illuminate\\Foundation\\Http\\Middleware\\PreventRequestsDuringMaintenance->handle()
#51 C:\\Users\\MSI\\Desktop\\5eme\\Laravel\\projet\\Laravel_RescuFood\\vendor\\fruitcake\\laravel-cors\\src\\HandleCors.php(38): Illuminate\\Pipeline\\Pipeline->Illuminate\\Pipeline\\{closure}()
#52 C:\\Users\\MSI\\Desktop\\5eme\\Laravel\\projet\\Laravel_RescuFood\\vendor\\laravel\\framework\\src\\Illuminate\\Pipeline\\Pipeline.php(180): Fruitcake\\Cors\\HandleCors->handle()
#53 C:\\Users\\MSI\\Desktop\\5eme\\Laravel\\projet\\Laravel_RescuFood\\vendor\\fideloper\\proxy\\src\\TrustProxies.php(57): Illuminate\\Pipeline\\Pipeline->Illuminate\\Pipeline\\{closure}()
#54 C:\\Users\\MSI\\Desktop\\5eme\\Laravel\\projet\\Laravel_RescuFood\\vendor\\laravel\\framework\\src\\Illuminate\\Pipeline\\Pipeline.php(180): Fideloper\\Proxy\\TrustProxies->handle()
#55 C:\\Users\\MSI\\Desktop\\5eme\\Laravel\\projet\\Laravel_RescuFood\\vendor\\laravel\\framework\\src\\Illuminate\\Pipeline\\Pipeline.php(116): Illuminate\\Pipeline\\Pipeline->Illuminate\\Pipeline\\{closure}()
#56 C:\\Users\\MSI\\Desktop\\5eme\\Laravel\\projet\\Laravel_RescuFood\\vendor\\laravel\\framework\\src\\Illuminate\\Foundation\\Http\\Kernel.php(165): Illuminate\\Pipeline\\Pipeline->then()
#57 C:\\Users\\MSI\\Desktop\\5eme\\Laravel\\projet\\Laravel_RescuFood\\vendor\\laravel\\framework\\src\\Illuminate\\Foundation\\Http\\Kernel.php(134): Illuminate\\Foundation\\Http\\Kernel->sendRequestThroughRouter()
#58 C:\\Users\\MSI\\Desktop\\5eme\\Laravel\\projet\\Laravel_RescuFood\\public\\index.php(51): Illuminate\\Foundation\\Http\\Kernel->handle()
#59 C:\\Users\\MSI\\Desktop\\5eme\\Laravel\\projet\\Laravel_RescuFood\\server.php(21): require_once('...')
#60 {main}
"} 
[2024-11-14 21:55:00] local.ERROR: file_put_contents(C:\Users\MSI\Desktop\5eme\Laravel\projet\Laravel_RescuFood\storage\framework/sessions/RmHmdbTtMWahZGnO7k74O4yH32ckxHLq1bTwE5kC): Failed to open stream: No such file or directory {"exception":"[object] (ErrorException(code: 0): file_put_contents(C:\\Users\\MSI\\Desktop\\5eme\\Laravel\\projet\\Laravel_RescuFood\\storage\\framework/sessions/RmHmdbTtMWahZGnO7k74O4yH32ckxHLq1bTwE5kC): Failed to open stream: No such file or directory at C:\\Users\\MSI\\Desktop\\5eme\\Laravel\\projet\\Laravel_RescuFood\\vendor\\laravel\\framework\\src\\Illuminate\\Filesystem\\Filesystem.php:190)
[stacktrace]
#0 C:\\Users\\MSI\\Desktop\\5eme\\Laravel\\projet\\Laravel_RescuFood\\vendor\\laravel\\framework\\src\\Illuminate\\Foundation\\Bootstrap\\HandleExceptions.php(270): Illuminate\\Foundation\\Bootstrap\\HandleExceptions->handleError()
#1 [internal function]: Illuminate\\Foundation\\Bootstrap\\HandleExceptions->Illuminate\\Foundation\\Bootstrap\\{closure}()
#2 C:\\Users\\MSI\\Desktop\\5eme\\Laravel\\projet\\Laravel_RescuFood\\vendor\\laravel\\framework\\src\\Illuminate\\Filesystem\\Filesystem.php(190): file_put_contents()
#3 C:\\Users\\MSI\\Desktop\\5eme\\Laravel\\projet\\Laravel_RescuFood\\vendor\\laravel\\framework\\src\\Illuminate\\Session\\FileSessionHandler.php(90): Illuminate\\Filesystem\\Filesystem->put()
#4 C:\\Users\\MSI\\Desktop\\5eme\\Laravel\\projet\\Laravel_RescuFood\\vendor\\laravel\\framework\\src\\Illuminate\\Session\\Store.php(172): Illuminate\\Session\\FileSessionHandler->write()
#5 C:\\Users\\MSI\\Desktop\\5eme\\Laravel\\projet\\Laravel_RescuFood\\vendor\\laravel\\framework\\src\\Illuminate\\Session\\Middleware\\StartSession.php(238): Illuminate\\Session\\Store->save()
#6 C:\\Users\\MSI\\Desktop\\5eme\\Laravel\\projet\\Laravel_RescuFood\\vendor\\laravel\\framework\\src\\Illuminate\\Session\\Middleware\\StartSession.php(130): Illuminate\\Session\\Middleware\\StartSession->saveSession()
#7 C:\\Users\\MSI\\Desktop\\5eme\\Laravel\\projet\\Laravel_RescuFood\\vendor\\laravel\\framework\\src\\Illuminate\\Session\\Middleware\\StartSession.php(64): Illuminate\\Session\\Middleware\\StartSession->handleStatefulRequest()
#8 C:\\Users\\MSI\\Desktop\\5eme\\Laravel\\projet\\Laravel_RescuFood\\vendor\\laravel\\framework\\src\\Illuminate\\Pipeline\\Pipeline.php(180): Illuminate\\Session\\Middleware\\StartSession->handle()
#9 C:\\Users\\MSI\\Desktop\\5eme\\Laravel\\projet\\Laravel_RescuFood\\vendor\\laravel\\framework\\src\\Illuminate\\Cookie\\Middleware\\AddQueuedCookiesToResponse.php(37): Illuminate\\Pipeline\\Pipeline->Illuminate\\Pipeline\\{closure}()
#10 C:\\Users\\MSI\\Desktop\\5eme\\Laravel\\projet\\Laravel_RescuFood\\vendor\\laravel\\framework\\src\\Illuminate\\Pipeline\\Pipeline.php(180): Illuminate\\Cookie\\Middleware\\AddQueuedCookiesToResponse->handle()
#11 C:\\Users\\MSI\\Desktop\\5eme\\Laravel\\projet\\Laravel_RescuFood\\vendor\\laravel\\framework\\src\\Illuminate\\Cookie\\Middleware\\EncryptCookies.php(67): Illuminate\\Pipeline\\Pipeline->Illuminate\\Pipeline\\{closure}()
#12 C:\\Users\\MSI\\Desktop\\5eme\\Laravel\\projet\\Laravel_RescuFood\\vendor\\laravel\\framework\\src\\Illuminate\\Pipeline\\Pipeline.php(180): Illuminate\\Cookie\\Middleware\\EncryptCookies->handle()
#13 C:\\Users\\MSI\\Desktop\\5eme\\Laravel\\projet\\Laravel_RescuFood\\vendor\\laravel\\framework\\src\\Illuminate\\Pipeline\\Pipeline.php(116): Illuminate\\Pipeline\\Pipeline->Illuminate\\Pipeline\\{closure}()
#14 C:\\Users\\MSI\\Desktop\\5eme\\Laravel\\projet\\Laravel_RescuFood\\vendor\\laravel\\framework\\src\\Illuminate\\Routing\\Router.php(797): Illuminate\\Pipeline\\Pipeline->then()
#15 C:\\Users\\MSI\\Desktop\\5eme\\Laravel\\projet\\Laravel_RescuFood\\vendor\\laravel\\framework\\src\\Illuminate\\Routing\\Router.php(776): Illuminate\\Routing\\Router->runRouteWithinStack()
#16 C:\\Users\\MSI\\Desktop\\5eme\\Laravel\\projet\\Laravel_RescuFood\\vendor\\laravel\\framework\\src\\Illuminate\\Routing\\Router.php(740): Illuminate\\Routing\\Router->runRoute()
#17 C:\\Users\\MSI\\Desktop\\5eme\\Laravel\\projet\\Laravel_RescuFood\\vendor\\laravel\\framework\\src\\Illuminate\\Routing\\Router.php(729): Illuminate\\Routing\\Router->dispatchToRoute()
#18 C:\\Users\\MSI\\Desktop\\5eme\\Laravel\\projet\\Laravel_RescuFood\\vendor\\laravel\\framework\\src\\Illuminate\\Foundation\\Http\\Kernel.php(190): Illuminate\\Routing\\Router->dispatch()
#19 C:\\Users\\MSI\\Desktop\\5eme\\Laravel\\projet\\Laravel_RescuFood\\vendor\\laravel\\framework\\src\\Illuminate\\Pipeline\\Pipeline.php(141): Illuminate\\Foundation\\Http\\Kernel->Illuminate\\Foundation\\Http\\{closure}()
#20 C:\\Users\\MSI\\Desktop\\5eme\\Laravel\\projet\\Laravel_RescuFood\\vendor\\laravel\\framework\\src\\Illuminate\\Foundation\\Http\\Middleware\\TransformsRequest.php(21): Illuminate\\Pipeline\\Pipeline->Illuminate\\Pipeline\\{closure}()
#21 C:\\Users\\MSI\\Desktop\\5eme\\Laravel\\projet\\Laravel_RescuFood\\vendor\\laravel\\framework\\src\\Illuminate\\Foundation\\Http\\Middleware\\ConvertEmptyStringsToNull.php(31): Illuminate\\Foundation\\Http\\Middleware\\TransformsRequest->handle()
#22 C:\\Users\\MSI\\Desktop\\5eme\\Laravel\\projet\\Laravel_RescuFood\\vendor\\laravel\\framework\\src\\Illuminate\\Pipeline\\Pipeline.php(180): Illuminate\\Foundation\\Http\\Middleware\\ConvertEmptyStringsToNull->handle()
#23 C:\\Users\\MSI\\Desktop\\5eme\\Laravel\\projet\\Laravel_RescuFood\\vendor\\laravel\\framework\\src\\Illuminate\\Foundation\\Http\\Middleware\\TransformsRequest.php(21): Illuminate\\Pipeline\\Pipeline->Illuminate\\Pipeline\\{closure}()
#24 C:\\Users\\MSI\\Desktop\\5eme\\Laravel\\projet\\Laravel_RescuFood\\vendor\\laravel\\framework\\src\\Illuminate\\Foundation\\Http\\Middleware\\TrimStrings.php(40): Illuminate\\Foundation\\Http\\Middleware\\TransformsRequest->handle()
#25 C:\\Users\\MSI\\Desktop\\5eme\\Laravel\\projet\\Laravel_RescuFood\\vendor\\laravel\\framework\\src\\Illuminate\\Pipeline\\Pipeline.php(180): Illuminate\\Foundation\\Http\\Middleware\\TrimStrings->handle()
#26 C:\\Users\\MSI\\Desktop\\5eme\\Laravel\\projet\\Laravel_RescuFood\\vendor\\laravel\\framework\\src\\Illuminate\\Foundation\\Http\\Middleware\\ValidatePostSize.php(27): Illuminate\\Pipeline\\Pipeline->Illuminate\\Pipeline\\{closure}()
#27 C:\\Users\\MSI\\Desktop\\5eme\\Laravel\\projet\\Laravel_RescuFood\\vendor\\laravel\\framework\\src\\Illuminate\\Pipeline\\Pipeline.php(180): Illuminate\\Foundation\\Http\\Middleware\\ValidatePostSize->handle()
#28 C:\\Users\\MSI\\Desktop\\5eme\\Laravel\\projet\\Laravel_RescuFood\\vendor\\laravel\\framework\\src\\Illuminate\\Foundation\\Http\\Middleware\\PreventRequestsDuringMaintenance.php(86): Illuminate\\Pipeline\\Pipeline->Illuminate\\Pipeline\\{closure}()
#29 C:\\Users\\MSI\\Desktop\\5eme\\Laravel\\projet\\Laravel_RescuFood\\vendor\\laravel\\framework\\src\\Illuminate\\Pipeline\\Pipeline.php(180): Illuminate\\Foundation\\Http\\Middleware\\PreventRequestsDuringMaintenance->handle()
#30 C:\\Users\\MSI\\Desktop\\5eme\\Laravel\\projet\\Laravel_RescuFood\\vendor\\fruitcake\\laravel-cors\\src\\HandleCors.php(38): Illuminate\\Pipeline\\Pipeline->Illuminate\\Pipeline\\{closure}()
#31 C:\\Users\\MSI\\Desktop\\5eme\\Laravel\\projet\\Laravel_RescuFood\\vendor\\laravel\\framework\\src\\Illuminate\\Pipeline\\Pipeline.php(180): Fruitcake\\Cors\\HandleCors->handle()
#32 C:\\Users\\MSI\\Desktop\\5eme\\Laravel\\projet\\Laravel_RescuFood\\vendor\\fideloper\\proxy\\src\\TrustProxies.php(57): Illuminate\\Pipeline\\Pipeline->Illuminate\\Pipeline\\{closure}()
#33 C:\\Users\\MSI\\Desktop\\5eme\\Laravel\\projet\\Laravel_RescuFood\\vendor\\laravel\\framework\\src\\Illuminate\\Pipeline\\Pipeline.php(180): Fideloper\\Proxy\\TrustProxies->handle()
#34 C:\\Users\\MSI\\Desktop\\5eme\\Laravel\\projet\\Laravel_RescuFood\\vendor\\laravel\\framework\\src\\Illuminate\\Pipeline\\Pipeline.php(116): Illuminate\\Pipeline\\Pipeline->Illuminate\\Pipeline\\{closure}()
#35 C:\\Users\\MSI\\Desktop\\5eme\\Laravel\\projet\\Laravel_RescuFood\\vendor\\laravel\\framework\\src\\Illuminate\\Foundation\\Http\\Kernel.php(165): Illuminate\\Pipeline\\Pipeline->then()
#36 C:\\Users\\MSI\\Desktop\\5eme\\Laravel\\projet\\Laravel_RescuFood\\vendor\\laravel\\framework\\src\\Illuminate\\Foundation\\Http\\Kernel.php(134): Illuminate\\Foundation\\Http\\Kernel->sendRequestThroughRouter()
#37 C:\\Users\\MSI\\Desktop\\5eme\\Laravel\\projet\\Laravel_RescuFood\\public\\index.php(51): Illuminate\\Foundation\\Http\\Kernel->handle()
#38 C:\\Users\\MSI\\Desktop\\5eme\\Laravel\\projet\\Laravel_RescuFood\\server.php(21): require_once('...')
#39 {main}
"} 
[2024-11-14 21:55:00] local.ERROR: file_put_contents(C:\Users\MSI\Desktop\5eme\Laravel\projet\Laravel_RescuFood\storage\framework/sessions/RmHmdbTtMWahZGnO7k74O4yH32ckxHLq1bTwE5kC): Failed to open stream: No such file or directory {"exception":"[object] (ErrorException(code: 0): file_put_contents(C:\\Users\\MSI\\Desktop\\5eme\\Laravel\\projet\\Laravel_RescuFood\\storage\\framework/sessions/RmHmdbTtMWahZGnO7k74O4yH32ckxHLq1bTwE5kC): Failed to open stream: No such file or directory at C:\\Users\\MSI\\Desktop\\5eme\\Laravel\\projet\\Laravel_RescuFood\\vendor\\laravel\\framework\\src\\Illuminate\\Filesystem\\Filesystem.php:190)
[stacktrace]
#0 C:\\Users\\MSI\\Desktop\\5eme\\Laravel\\projet\\Laravel_RescuFood\\vendor\\laravel\\framework\\src\\Illuminate\\Foundation\\Bootstrap\\HandleExceptions.php(270): Illuminate\\Foundation\\Bootstrap\\HandleExceptions->handleError()
#1 [internal function]: Illuminate\\Foundation\\Bootstrap\\HandleExceptions->Illuminate\\Foundation\\Bootstrap\\{closure}()
#2 C:\\Users\\MSI\\Desktop\\5eme\\Laravel\\projet\\Laravel_RescuFood\\vendor\\laravel\\framework\\src\\Illuminate\\Filesystem\\Filesystem.php(190): file_put_contents()
#3 C:\\Users\\MSI\\Desktop\\5eme\\Laravel\\projet\\Laravel_RescuFood\\vendor\\laravel\\framework\\src\\Illuminate\\Session\\FileSessionHandler.php(90): Illuminate\\Filesystem\\Filesystem->put()
#4 C:\\Users\\MSI\\Desktop\\5eme\\Laravel\\projet\\Laravel_RescuFood\\vendor\\laravel\\framework\\src\\Illuminate\\Session\\Store.php(172): Illuminate\\Session\\FileSessionHandler->write()
#5 C:\\Users\\MSI\\Desktop\\5eme\\Laravel\\projet\\Laravel_RescuFood\\vendor\\laravel\\framework\\src\\Illuminate\\Session\\Middleware\\StartSession.php(238): Illuminate\\Session\\Store->save()
#6 C:\\Users\\MSI\\Desktop\\5eme\\Laravel\\projet\\Laravel_RescuFood\\vendor\\laravel\\framework\\src\\Illuminate\\Session\\Middleware\\StartSession.php(130): Illuminate\\Session\\Middleware\\StartSession->saveSession()
#7 C:\\Users\\MSI\\Desktop\\5eme\\Laravel\\projet\\Laravel_RescuFood\\vendor\\laravel\\framework\\src\\Illuminate\\Session\\Middleware\\StartSession.php(64): Illuminate\\Session\\Middleware\\StartSession->handleStatefulRequest()
#8 C:\\Users\\MSI\\Desktop\\5eme\\Laravel\\projet\\Laravel_RescuFood\\vendor\\laravel\\framework\\src\\Illuminate\\Pipeline\\Pipeline.php(180): Illuminate\\Session\\Middleware\\StartSession->handle()
#9 C:\\Users\\MSI\\Desktop\\5eme\\Laravel\\projet\\Laravel_RescuFood\\vendor\\laravel\\framework\\src\\Illuminate\\Cookie\\Middleware\\AddQueuedCookiesToResponse.php(37): Illuminate\\Pipeline\\Pipeline->Illuminate\\Pipeline\\{closure}()
#10 C:\\Users\\MSI\\Desktop\\5eme\\Laravel\\projet\\Laravel_RescuFood\\vendor\\laravel\\framework\\src\\Illuminate\\Pipeline\\Pipeline.php(180): Illuminate\\Cookie\\Middleware\\AddQueuedCookiesToResponse->handle()
#11 C:\\Users\\MSI\\Desktop\\5eme\\Laravel\\projet\\Laravel_RescuFood\\vendor\\laravel\\framework\\src\\Illuminate\\Cookie\\Middleware\\EncryptCookies.php(67): Illuminate\\Pipeline\\Pipeline->Illuminate\\Pipeline\\{closure}()
#12 C:\\Users\\MSI\\Desktop\\5eme\\Laravel\\projet\\Laravel_RescuFood\\vendor\\laravel\\framework\\src\\Illuminate\\Pipeline\\Pipeline.php(180): Illuminate\\Cookie\\Middleware\\EncryptCookies->handle()
#13 C:\\Users\\MSI\\Desktop\\5eme\\Laravel\\projet\\Laravel_RescuFood\\vendor\\laravel\\framework\\src\\Illuminate\\Pipeline\\Pipeline.php(116): Illuminate\\Pipeline\\Pipeline->Illuminate\\Pipeline\\{closure}()
#14 C:\\Users\\MSI\\Desktop\\5eme\\Laravel\\projet\\Laravel_RescuFood\\vendor\\laravel\\framework\\src\\Illuminate\\Routing\\Router.php(797): Illuminate\\Pipeline\\Pipeline->then()
#15 C:\\Users\\MSI\\Desktop\\5eme\\Laravel\\projet\\Laravel_RescuFood\\vendor\\laravel\\framework\\src\\Illuminate\\Routing\\Router.php(776): Illuminate\\Routing\\Router->runRouteWithinStack()
#16 C:\\Users\\MSI\\Desktop\\5eme\\Laravel\\projet\\Laravel_RescuFood\\vendor\\laravel\\framework\\src\\Illuminate\\Routing\\Router.php(740): Illuminate\\Routing\\Router->runRoute()
#17 C:\\Users\\MSI\\Desktop\\5eme\\Laravel\\projet\\Laravel_RescuFood\\vendor\\laravel\\framework\\src\\Illuminate\\Routing\\Router.php(729): Illuminate\\Routing\\Router->dispatchToRoute()
#18 C:\\Users\\MSI\\Desktop\\5eme\\Laravel\\projet\\Laravel_RescuFood\\vendor\\laravel\\framework\\src\\Illuminate\\Foundation\\Http\\Kernel.php(190): Illuminate\\Routing\\Router->dispatch()
#19 C:\\Users\\MSI\\Desktop\\5eme\\Laravel\\projet\\Laravel_RescuFood\\vendor\\laravel\\framework\\src\\Illuminate\\Pipeline\\Pipeline.php(141): Illuminate\\Foundation\\Http\\Kernel->Illuminate\\Foundation\\Http\\{closure}()
#20 C:\\Users\\MSI\\Desktop\\5eme\\Laravel\\projet\\Laravel_RescuFood\\vendor\\laravel\\framework\\src\\Illuminate\\Foundation\\Http\\Middleware\\TransformsRequest.php(21): Illuminate\\Pipeline\\Pipeline->Illuminate\\Pipeline\\{closure}()
#21 C:\\Users\\MSI\\Desktop\\5eme\\Laravel\\projet\\Laravel_RescuFood\\vendor\\laravel\\framework\\src\\Illuminate\\Foundation\\Http\\Middleware\\ConvertEmptyStringsToNull.php(31): Illuminate\\Foundation\\Http\\Middleware\\TransformsRequest->handle()
#22 C:\\Users\\MSI\\Desktop\\5eme\\Laravel\\projet\\Laravel_RescuFood\\vendor\\laravel\\framework\\src\\Illuminate\\Pipeline\\Pipeline.php(180): Illuminate\\Foundation\\Http\\Middleware\\ConvertEmptyStringsToNull->handle()
#23 C:\\Users\\MSI\\Desktop\\5eme\\Laravel\\projet\\Laravel_RescuFood\\vendor\\laravel\\framework\\src\\Illuminate\\Foundation\\Http\\Middleware\\TransformsRequest.php(21): Illuminate\\Pipeline\\Pipeline->Illuminate\\Pipeline\\{closure}()
#24 C:\\Users\\MSI\\Desktop\\5eme\\Laravel\\projet\\Laravel_RescuFood\\vendor\\laravel\\framework\\src\\Illuminate\\Foundation\\Http\\Middleware\\TrimStrings.php(40): Illuminate\\Foundation\\Http\\Middleware\\TransformsRequest->handle()
#25 C:\\Users\\MSI\\Desktop\\5eme\\Laravel\\projet\\Laravel_RescuFood\\vendor\\laravel\\framework\\src\\Illuminate\\Pipeline\\Pipeline.php(180): Illuminate\\Foundation\\Http\\Middleware\\TrimStrings->handle()
#26 C:\\Users\\MSI\\Desktop\\5eme\\Laravel\\projet\\Laravel_RescuFood\\vendor\\laravel\\framework\\src\\Illuminate\\Foundation\\Http\\Middleware\\ValidatePostSize.php(27): Illuminate\\Pipeline\\Pipeline->Illuminate\\Pipeline\\{closure}()
#27 C:\\Users\\MSI\\Desktop\\5eme\\Laravel\\projet\\Laravel_RescuFood\\vendor\\laravel\\framework\\src\\Illuminate\\Pipeline\\Pipeline.php(180): Illuminate\\Foundation\\Http\\Middleware\\ValidatePostSize->handle()
#28 C:\\Users\\MSI\\Desktop\\5eme\\Laravel\\projet\\Laravel_RescuFood\\vendor\\laravel\\framework\\src\\Illuminate\\Foundation\\Http\\Middleware\\PreventRequestsDuringMaintenance.php(86): Illuminate\\Pipeline\\Pipeline->Illuminate\\Pipeline\\{closure}()
#29 C:\\Users\\MSI\\Desktop\\5eme\\Laravel\\projet\\Laravel_RescuFood\\vendor\\laravel\\framework\\src\\Illuminate\\Pipeline\\Pipeline.php(180): Illuminate\\Foundation\\Http\\Middleware\\PreventRequestsDuringMaintenance->handle()
#30 C:\\Users\\MSI\\Desktop\\5eme\\Laravel\\projet\\Laravel_RescuFood\\vendor\\fruitcake\\laravel-cors\\src\\HandleCors.php(38): Illuminate\\Pipeline\\Pipeline->Illuminate\\Pipeline\\{closure}()
#31 C:\\Users\\MSI\\Desktop\\5eme\\Laravel\\projet\\Laravel_RescuFood\\vendor\\laravel\\framework\\src\\Illuminate\\Pipeline\\Pipeline.php(180): Fruitcake\\Cors\\HandleCors->handle()
#32 C:\\Users\\MSI\\Desktop\\5eme\\Laravel\\projet\\Laravel_RescuFood\\vendor\\fideloper\\proxy\\src\\TrustProxies.php(57): Illuminate\\Pipeline\\Pipeline->Illuminate\\Pipeline\\{closure}()
#33 C:\\Users\\MSI\\Desktop\\5eme\\Laravel\\projet\\Laravel_RescuFood\\vendor\\laravel\\framework\\src\\Illuminate\\Pipeline\\Pipeline.php(180): Fideloper\\Proxy\\TrustProxies->handle()
#34 C:\\Users\\MSI\\Desktop\\5eme\\Laravel\\projet\\Laravel_RescuFood\\vendor\\laravel\\framework\\src\\Illuminate\\Pipeline\\Pipeline.php(116): Illuminate\\Pipeline\\Pipeline->Illuminate\\Pipeline\\{closure}()
#35 C:\\Users\\MSI\\Desktop\\5eme\\Laravel\\projet\\Laravel_RescuFood\\vendor\\laravel\\framework\\src\\Illuminate\\Foundation\\Http\\Kernel.php(165): Illuminate\\Pipeline\\Pipeline->then()
#36 C:\\Users\\MSI\\Desktop\\5eme\\Laravel\\projet\\Laravel_RescuFood\\vendor\\laravel\\framework\\src\\Illuminate\\Foundation\\Http\\Kernel.php(134): Illuminate\\Foundation\\Http\\Kernel->sendRequestThroughRouter()
#37 C:\\Users\\MSI\\Desktop\\5eme\\Laravel\\projet\\Laravel_RescuFood\\public\\index.php(51): Illuminate\\Foundation\\Http\\Kernel->handle()
#38 C:\\Users\\MSI\\Desktop\\5eme\\Laravel\\projet\\Laravel_RescuFood\\server.php(21): require_once('...')
#39 {main}
"} 
[2024-11-14 21:55:43] local.ERROR: file_put_contents(C:\Users\MSI\Desktop\5eme\Laravel\projet\Laravel_RescuFood\storage\framework/sessions/RmHmdbTtMWahZGnO7k74O4yH32ckxHLq1bTwE5kC): Failed to open stream: No such file or directory {"exception":"[object] (ErrorException(code: 0): file_put_contents(C:\\Users\\MSI\\Desktop\\5eme\\Laravel\\projet\\Laravel_RescuFood\\storage\\framework/sessions/RmHmdbTtMWahZGnO7k74O4yH32ckxHLq1bTwE5kC): Failed to open stream: No such file or directory at C:\\Users\\MSI\\Desktop\\5eme\\Laravel\\projet\\Laravel_RescuFood\\vendor\\laravel\\framework\\src\\Illuminate\\Filesystem\\Filesystem.php:190)
[stacktrace]
#0 C:\\Users\\MSI\\Desktop\\5eme\\Laravel\\projet\\Laravel_RescuFood\\vendor\\laravel\\framework\\src\\Illuminate\\Foundation\\Bootstrap\\HandleExceptions.php(270): Illuminate\\Foundation\\Bootstrap\\HandleExceptions->handleError()
#1 [internal function]: Illuminate\\Foundation\\Bootstrap\\HandleExceptions->Illuminate\\Foundation\\Bootstrap\\{closure}()
#2 C:\\Users\\MSI\\Desktop\\5eme\\Laravel\\projet\\Laravel_RescuFood\\vendor\\laravel\\framework\\src\\Illuminate\\Filesystem\\Filesystem.php(190): file_put_contents()
#3 C:\\Users\\MSI\\Desktop\\5eme\\Laravel\\projet\\Laravel_RescuFood\\vendor\\laravel\\framework\\src\\Illuminate\\Session\\FileSessionHandler.php(90): Illuminate\\Filesystem\\Filesystem->put()
#4 C:\\Users\\MSI\\Desktop\\5eme\\Laravel\\projet\\Laravel_RescuFood\\vendor\\laravel\\framework\\src\\Illuminate\\Session\\Store.php(172): Illuminate\\Session\\FileSessionHandler->write()
#5 C:\\Users\\MSI\\Desktop\\5eme\\Laravel\\projet\\Laravel_RescuFood\\vendor\\laravel\\framework\\src\\Illuminate\\Session\\Middleware\\StartSession.php(238): Illuminate\\Session\\Store->save()
#6 C:\\Users\\MSI\\Desktop\\5eme\\Laravel\\projet\\Laravel_RescuFood\\vendor\\laravel\\framework\\src\\Illuminate\\Session\\Middleware\\StartSession.php(130): Illuminate\\Session\\Middleware\\StartSession->saveSession()
#7 C:\\Users\\MSI\\Desktop\\5eme\\Laravel\\projet\\Laravel_RescuFood\\vendor\\laravel\\framework\\src\\Illuminate\\Session\\Middleware\\StartSession.php(64): Illuminate\\Session\\Middleware\\StartSession->handleStatefulRequest()
#8 C:\\Users\\MSI\\Desktop\\5eme\\Laravel\\projet\\Laravel_RescuFood\\vendor\\laravel\\framework\\src\\Illuminate\\Pipeline\\Pipeline.php(180): Illuminate\\Session\\Middleware\\StartSession->handle()
#9 C:\\Users\\MSI\\Desktop\\5eme\\Laravel\\projet\\Laravel_RescuFood\\vendor\\laravel\\framework\\src\\Illuminate\\Cookie\\Middleware\\AddQueuedCookiesToResponse.php(37): Illuminate\\Pipeline\\Pipeline->Illuminate\\Pipeline\\{closure}()
#10 C:\\Users\\MSI\\Desktop\\5eme\\Laravel\\projet\\Laravel_RescuFood\\vendor\\laravel\\framework\\src\\Illuminate\\Pipeline\\Pipeline.php(180): Illuminate\\Cookie\\Middleware\\AddQueuedCookiesToResponse->handle()
#11 C:\\Users\\MSI\\Desktop\\5eme\\Laravel\\projet\\Laravel_RescuFood\\vendor\\laravel\\framework\\src\\Illuminate\\Cookie\\Middleware\\EncryptCookies.php(67): Illuminate\\Pipeline\\Pipeline->Illuminate\\Pipeline\\{closure}()
#12 C:\\Users\\MSI\\Desktop\\5eme\\Laravel\\projet\\Laravel_RescuFood\\vendor\\laravel\\framework\\src\\Illuminate\\Pipeline\\Pipeline.php(180): Illuminate\\Cookie\\Middleware\\EncryptCookies->handle()
#13 C:\\Users\\MSI\\Desktop\\5eme\\Laravel\\projet\\Laravel_RescuFood\\vendor\\laravel\\framework\\src\\Illuminate\\Pipeline\\Pipeline.php(116): Illuminate\\Pipeline\\Pipeline->Illuminate\\Pipeline\\{closure}()
#14 C:\\Users\\MSI\\Desktop\\5eme\\Laravel\\projet\\Laravel_RescuFood\\vendor\\laravel\\framework\\src\\Illuminate\\Routing\\Router.php(797): Illuminate\\Pipeline\\Pipeline->then()
#15 C:\\Users\\MSI\\Desktop\\5eme\\Laravel\\projet\\Laravel_RescuFood\\vendor\\laravel\\framework\\src\\Illuminate\\Routing\\Router.php(776): Illuminate\\Routing\\Router->runRouteWithinStack()
#16 C:\\Users\\MSI\\Desktop\\5eme\\Laravel\\projet\\Laravel_RescuFood\\vendor\\laravel\\framework\\src\\Illuminate\\Routing\\Router.php(740): Illuminate\\Routing\\Router->runRoute()
#17 C:\\Users\\MSI\\Desktop\\5eme\\Laravel\\projet\\Laravel_RescuFood\\vendor\\laravel\\framework\\src\\Illuminate\\Routing\\Router.php(729): Illuminate\\Routing\\Router->dispatchToRoute()
#18 C:\\Users\\MSI\\Desktop\\5eme\\Laravel\\projet\\Laravel_RescuFood\\vendor\\laravel\\framework\\src\\Illuminate\\Foundation\\Http\\Kernel.php(190): Illuminate\\Routing\\Router->dispatch()
#19 C:\\Users\\MSI\\Desktop\\5eme\\Laravel\\projet\\Laravel_RescuFood\\vendor\\laravel\\framework\\src\\Illuminate\\Pipeline\\Pipeline.php(141): Illuminate\\Foundation\\Http\\Kernel->Illuminate\\Foundation\\Http\\{closure}()
#20 C:\\Users\\MSI\\Desktop\\5eme\\Laravel\\projet\\Laravel_RescuFood\\vendor\\laravel\\framework\\src\\Illuminate\\Foundation\\Http\\Middleware\\TransformsRequest.php(21): Illuminate\\Pipeline\\Pipeline->Illuminate\\Pipeline\\{closure}()
#21 C:\\Users\\MSI\\Desktop\\5eme\\Laravel\\projet\\Laravel_RescuFood\\vendor\\laravel\\framework\\src\\Illuminate\\Foundation\\Http\\Middleware\\ConvertEmptyStringsToNull.php(31): Illuminate\\Foundation\\Http\\Middleware\\TransformsRequest->handle()
#22 C:\\Users\\MSI\\Desktop\\5eme\\Laravel\\projet\\Laravel_RescuFood\\vendor\\laravel\\framework\\src\\Illuminate\\Pipeline\\Pipeline.php(180): Illuminate\\Foundation\\Http\\Middleware\\ConvertEmptyStringsToNull->handle()
#23 C:\\Users\\MSI\\Desktop\\5eme\\Laravel\\projet\\Laravel_RescuFood\\vendor\\laravel\\framework\\src\\Illuminate\\Foundation\\Http\\Middleware\\TransformsRequest.php(21): Illuminate\\Pipeline\\Pipeline->Illuminate\\Pipeline\\{closure}()
#24 C:\\Users\\MSI\\Desktop\\5eme\\Laravel\\projet\\Laravel_RescuFood\\vendor\\laravel\\framework\\src\\Illuminate\\Foundation\\Http\\Middleware\\TrimStrings.php(40): Illuminate\\Foundation\\Http\\Middleware\\TransformsRequest->handle()
#25 C:\\Users\\MSI\\Desktop\\5eme\\Laravel\\projet\\Laravel_RescuFood\\vendor\\laravel\\framework\\src\\Illuminate\\Pipeline\\Pipeline.php(180): Illuminate\\Foundation\\Http\\Middleware\\TrimStrings->handle()
#26 C:\\Users\\MSI\\Desktop\\5eme\\Laravel\\projet\\Laravel_RescuFood\\vendor\\laravel\\framework\\src\\Illuminate\\Foundation\\Http\\Middleware\\ValidatePostSize.php(27): Illuminate\\Pipeline\\Pipeline->Illuminate\\Pipeline\\{closure}()
#27 C:\\Users\\MSI\\Desktop\\5eme\\Laravel\\projet\\Laravel_RescuFood\\vendor\\laravel\\framework\\src\\Illuminate\\Pipeline\\Pipeline.php(180): Illuminate\\Foundation\\Http\\Middleware\\ValidatePostSize->handle()
#28 C:\\Users\\MSI\\Desktop\\5eme\\Laravel\\projet\\Laravel_RescuFood\\vendor\\laravel\\framework\\src\\Illuminate\\Foundation\\Http\\Middleware\\PreventRequestsDuringMaintenance.php(86): Illuminate\\Pipeline\\Pipeline->Illuminate\\Pipeline\\{closure}()
#29 C:\\Users\\MSI\\Desktop\\5eme\\Laravel\\projet\\Laravel_RescuFood\\vendor\\laravel\\framework\\src\\Illuminate\\Pipeline\\Pipeline.php(180): Illuminate\\Foundation\\Http\\Middleware\\PreventRequestsDuringMaintenance->handle()
#30 C:\\Users\\MSI\\Desktop\\5eme\\Laravel\\projet\\Laravel_RescuFood\\vendor\\fruitcake\\laravel-cors\\src\\HandleCors.php(38): Illuminate\\Pipeline\\Pipeline->Illuminate\\Pipeline\\{closure}()
#31 C:\\Users\\MSI\\Desktop\\5eme\\Laravel\\projet\\Laravel_RescuFood\\vendor\\laravel\\framework\\src\\Illuminate\\Pipeline\\Pipeline.php(180): Fruitcake\\Cors\\HandleCors->handle()
#32 C:\\Users\\MSI\\Desktop\\5eme\\Laravel\\projet\\Laravel_RescuFood\\vendor\\fideloper\\proxy\\src\\TrustProxies.php(57): Illuminate\\Pipeline\\Pipeline->Illuminate\\Pipeline\\{closure}()
#33 C:\\Users\\MSI\\Desktop\\5eme\\Laravel\\projet\\Laravel_RescuFood\\vendor\\laravel\\framework\\src\\Illuminate\\Pipeline\\Pipeline.php(180): Fideloper\\Proxy\\TrustProxies->handle()
#34 C:\\Users\\MSI\\Desktop\\5eme\\Laravel\\projet\\Laravel_RescuFood\\vendor\\laravel\\framework\\src\\Illuminate\\Pipeline\\Pipeline.php(116): Illuminate\\Pipeline\\Pipeline->Illuminate\\Pipeline\\{closure}()
#35 C:\\Users\\MSI\\Desktop\\5eme\\Laravel\\projet\\Laravel_RescuFood\\vendor\\laravel\\framework\\src\\Illuminate\\Foundation\\Http\\Kernel.php(165): Illuminate\\Pipeline\\Pipeline->then()
#36 C:\\Users\\MSI\\Desktop\\5eme\\Laravel\\projet\\Laravel_RescuFood\\vendor\\laravel\\framework\\src\\Illuminate\\Foundation\\Http\\Kernel.php(134): Illuminate\\Foundation\\Http\\Kernel->sendRequestThroughRouter()
#37 C:\\Users\\MSI\\Desktop\\5eme\\Laravel\\projet\\Laravel_RescuFood\\public\\index.php(51): Illuminate\\Foundation\\Http\\Kernel->handle()
#38 C:\\Users\\MSI\\Desktop\\5eme\\Laravel\\projet\\Laravel_RescuFood\\server.php(21): require_once('...')
#39 {main}
"} 
[2024-11-14 21:55:50] local.ERROR: file_put_contents(C:\Users\MSI\Desktop\5eme\Laravel\projet\Laravel_RescuFood\storage\framework/sessions/RmHmdbTtMWahZGnO7k74O4yH32ckxHLq1bTwE5kC): Failed to open stream: No such file or directory {"exception":"[object] (ErrorException(code: 0): file_put_contents(C:\\Users\\MSI\\Desktop\\5eme\\Laravel\\projet\\Laravel_RescuFood\\storage\\framework/sessions/RmHmdbTtMWahZGnO7k74O4yH32ckxHLq1bTwE5kC): Failed to open stream: No such file or directory at C:\\Users\\MSI\\Desktop\\5eme\\Laravel\\projet\\Laravel_RescuFood\\vendor\\laravel\\framework\\src\\Illuminate\\Filesystem\\Filesystem.php:190)
[stacktrace]
#0 C:\\Users\\MSI\\Desktop\\5eme\\Laravel\\projet\\Laravel_RescuFood\\vendor\\laravel\\framework\\src\\Illuminate\\Foundation\\Bootstrap\\HandleExceptions.php(270): Illuminate\\Foundation\\Bootstrap\\HandleExceptions->handleError()
#1 [internal function]: Illuminate\\Foundation\\Bootstrap\\HandleExceptions->Illuminate\\Foundation\\Bootstrap\\{closure}()
#2 C:\\Users\\MSI\\Desktop\\5eme\\Laravel\\projet\\Laravel_RescuFood\\vendor\\laravel\\framework\\src\\Illuminate\\Filesystem\\Filesystem.php(190): file_put_contents()
#3 C:\\Users\\MSI\\Desktop\\5eme\\Laravel\\projet\\Laravel_RescuFood\\vendor\\laravel\\framework\\src\\Illuminate\\Session\\FileSessionHandler.php(90): Illuminate\\Filesystem\\Filesystem->put()
#4 C:\\Users\\MSI\\Desktop\\5eme\\Laravel\\projet\\Laravel_RescuFood\\vendor\\laravel\\framework\\src\\Illuminate\\Session\\Store.php(172): Illuminate\\Session\\FileSessionHandler->write()
#5 C:\\Users\\MSI\\Desktop\\5eme\\Laravel\\projet\\Laravel_RescuFood\\vendor\\laravel\\framework\\src\\Illuminate\\Session\\Middleware\\StartSession.php(238): Illuminate\\Session\\Store->save()
#6 C:\\Users\\MSI\\Desktop\\5eme\\Laravel\\projet\\Laravel_RescuFood\\vendor\\laravel\\framework\\src\\Illuminate\\Session\\Middleware\\StartSession.php(130): Illuminate\\Session\\Middleware\\StartSession->saveSession()
#7 C:\\Users\\MSI\\Desktop\\5eme\\Laravel\\projet\\Laravel_RescuFood\\vendor\\laravel\\framework\\src\\Illuminate\\Session\\Middleware\\StartSession.php(64): Illuminate\\Session\\Middleware\\StartSession->handleStatefulRequest()
#8 C:\\Users\\MSI\\Desktop\\5eme\\Laravel\\projet\\Laravel_RescuFood\\vendor\\laravel\\framework\\src\\Illuminate\\Pipeline\\Pipeline.php(180): Illuminate\\Session\\Middleware\\StartSession->handle()
#9 C:\\Users\\MSI\\Desktop\\5eme\\Laravel\\projet\\Laravel_RescuFood\\vendor\\laravel\\framework\\src\\Illuminate\\Cookie\\Middleware\\AddQueuedCookiesToResponse.php(37): Illuminate\\Pipeline\\Pipeline->Illuminate\\Pipeline\\{closure}()
#10 C:\\Users\\MSI\\Desktop\\5eme\\Laravel\\projet\\Laravel_RescuFood\\vendor\\laravel\\framework\\src\\Illuminate\\Pipeline\\Pipeline.php(180): Illuminate\\Cookie\\Middleware\\AddQueuedCookiesToResponse->handle()
#11 C:\\Users\\MSI\\Desktop\\5eme\\Laravel\\projet\\Laravel_RescuFood\\vendor\\laravel\\framework\\src\\Illuminate\\Cookie\\Middleware\\EncryptCookies.php(67): Illuminate\\Pipeline\\Pipeline->Illuminate\\Pipeline\\{closure}()
#12 C:\\Users\\MSI\\Desktop\\5eme\\Laravel\\projet\\Laravel_RescuFood\\vendor\\laravel\\framework\\src\\Illuminate\\Pipeline\\Pipeline.php(180): Illuminate\\Cookie\\Middleware\\EncryptCookies->handle()
#13 C:\\Users\\MSI\\Desktop\\5eme\\Laravel\\projet\\Laravel_RescuFood\\vendor\\laravel\\framework\\src\\Illuminate\\Pipeline\\Pipeline.php(116): Illuminate\\Pipeline\\Pipeline->Illuminate\\Pipeline\\{closure}()
#14 C:\\Users\\MSI\\Desktop\\5eme\\Laravel\\projet\\Laravel_RescuFood\\vendor\\laravel\\framework\\src\\Illuminate\\Routing\\Router.php(797): Illuminate\\Pipeline\\Pipeline->then()
#15 C:\\Users\\MSI\\Desktop\\5eme\\Laravel\\projet\\Laravel_RescuFood\\vendor\\laravel\\framework\\src\\Illuminate\\Routing\\Router.php(776): Illuminate\\Routing\\Router->runRouteWithinStack()
#16 C:\\Users\\MSI\\Desktop\\5eme\\Laravel\\projet\\Laravel_RescuFood\\vendor\\laravel\\framework\\src\\Illuminate\\Routing\\Router.php(740): Illuminate\\Routing\\Router->runRoute()
#17 C:\\Users\\MSI\\Desktop\\5eme\\Laravel\\projet\\Laravel_RescuFood\\vendor\\laravel\\framework\\src\\Illuminate\\Routing\\Router.php(729): Illuminate\\Routing\\Router->dispatchToRoute()
#18 C:\\Users\\MSI\\Desktop\\5eme\\Laravel\\projet\\Laravel_RescuFood\\vendor\\laravel\\framework\\src\\Illuminate\\Foundation\\Http\\Kernel.php(190): Illuminate\\Routing\\Router->dispatch()
#19 C:\\Users\\MSI\\Desktop\\5eme\\Laravel\\projet\\Laravel_RescuFood\\vendor\\laravel\\framework\\src\\Illuminate\\Pipeline\\Pipeline.php(141): Illuminate\\Foundation\\Http\\Kernel->Illuminate\\Foundation\\Http\\{closure}()
#20 C:\\Users\\MSI\\Desktop\\5eme\\Laravel\\projet\\Laravel_RescuFood\\vendor\\laravel\\framework\\src\\Illuminate\\Foundation\\Http\\Middleware\\TransformsRequest.php(21): Illuminate\\Pipeline\\Pipeline->Illuminate\\Pipeline\\{closure}()
#21 C:\\Users\\MSI\\Desktop\\5eme\\Laravel\\projet\\Laravel_RescuFood\\vendor\\laravel\\framework\\src\\Illuminate\\Foundation\\Http\\Middleware\\ConvertEmptyStringsToNull.php(31): Illuminate\\Foundation\\Http\\Middleware\\TransformsRequest->handle()
#22 C:\\Users\\MSI\\Desktop\\5eme\\Laravel\\projet\\Laravel_RescuFood\\vendor\\laravel\\framework\\src\\Illuminate\\Pipeline\\Pipeline.php(180): Illuminate\\Foundation\\Http\\Middleware\\ConvertEmptyStringsToNull->handle()
#23 C:\\Users\\MSI\\Desktop\\5eme\\Laravel\\projet\\Laravel_RescuFood\\vendor\\laravel\\framework\\src\\Illuminate\\Foundation\\Http\\Middleware\\TransformsRequest.php(21): Illuminate\\Pipeline\\Pipeline->Illuminate\\Pipeline\\{closure}()
#24 C:\\Users\\MSI\\Desktop\\5eme\\Laravel\\projet\\Laravel_RescuFood\\vendor\\laravel\\framework\\src\\Illuminate\\Foundation\\Http\\Middleware\\TrimStrings.php(40): Illuminate\\Foundation\\Http\\Middleware\\TransformsRequest->handle()
#25 C:\\Users\\MSI\\Desktop\\5eme\\Laravel\\projet\\Laravel_RescuFood\\vendor\\laravel\\framework\\src\\Illuminate\\Pipeline\\Pipeline.php(180): Illuminate\\Foundation\\Http\\Middleware\\TrimStrings->handle()
#26 C:\\Users\\MSI\\Desktop\\5eme\\Laravel\\projet\\Laravel_RescuFood\\vendor\\laravel\\framework\\src\\Illuminate\\Foundation\\Http\\Middleware\\ValidatePostSize.php(27): Illuminate\\Pipeline\\Pipeline->Illuminate\\Pipeline\\{closure}()
#27 C:\\Users\\MSI\\Desktop\\5eme\\Laravel\\projet\\Laravel_RescuFood\\vendor\\laravel\\framework\\src\\Illuminate\\Pipeline\\Pipeline.php(180): Illuminate\\Foundation\\Http\\Middleware\\ValidatePostSize->handle()
#28 C:\\Users\\MSI\\Desktop\\5eme\\Laravel\\projet\\Laravel_RescuFood\\vendor\\laravel\\framework\\src\\Illuminate\\Foundation\\Http\\Middleware\\PreventRequestsDuringMaintenance.php(86): Illuminate\\Pipeline\\Pipeline->Illuminate\\Pipeline\\{closure}()
#29 C:\\Users\\MSI\\Desktop\\5eme\\Laravel\\projet\\Laravel_RescuFood\\vendor\\laravel\\framework\\src\\Illuminate\\Pipeline\\Pipeline.php(180): Illuminate\\Foundation\\Http\\Middleware\\PreventRequestsDuringMaintenance->handle()
#30 C:\\Users\\MSI\\Desktop\\5eme\\Laravel\\projet\\Laravel_RescuFood\\vendor\\fruitcake\\laravel-cors\\src\\HandleCors.php(38): Illuminate\\Pipeline\\Pipeline->Illuminate\\Pipeline\\{closure}()
#31 C:\\Users\\MSI\\Desktop\\5eme\\Laravel\\projet\\Laravel_RescuFood\\vendor\\laravel\\framework\\src\\Illuminate\\Pipeline\\Pipeline.php(180): Fruitcake\\Cors\\HandleCors->handle()
#32 C:\\Users\\MSI\\Desktop\\5eme\\Laravel\\projet\\Laravel_RescuFood\\vendor\\fideloper\\proxy\\src\\TrustProxies.php(57): Illuminate\\Pipeline\\Pipeline->Illuminate\\Pipeline\\{closure}()
#33 C:\\Users\\MSI\\Desktop\\5eme\\Laravel\\projet\\Laravel_RescuFood\\vendor\\laravel\\framework\\src\\Illuminate\\Pipeline\\Pipeline.php(180): Fideloper\\Proxy\\TrustProxies->handle()
#34 C:\\Users\\MSI\\Desktop\\5eme\\Laravel\\projet\\Laravel_RescuFood\\vendor\\laravel\\framework\\src\\Illuminate\\Pipeline\\Pipeline.php(116): Illuminate\\Pipeline\\Pipeline->Illuminate\\Pipeline\\{closure}()
#35 C:\\Users\\MSI\\Desktop\\5eme\\Laravel\\projet\\Laravel_RescuFood\\vendor\\laravel\\framework\\src\\Illuminate\\Foundation\\Http\\Kernel.php(165): Illuminate\\Pipeline\\Pipeline->then()
#36 C:\\Users\\MSI\\Desktop\\5eme\\Laravel\\projet\\Laravel_RescuFood\\vendor\\laravel\\framework\\src\\Illuminate\\Foundation\\Http\\Kernel.php(134): Illuminate\\Foundation\\Http\\Kernel->sendRequestThroughRouter()
#37 C:\\Users\\MSI\\Desktop\\5eme\\Laravel\\projet\\Laravel_RescuFood\\public\\index.php(51): Illuminate\\Foundation\\Http\\Kernel->handle()
#38 C:\\Users\\MSI\\Desktop\\5eme\\Laravel\\projet\\Laravel_RescuFood\\server.php(21): require_once('...')
#39 {main}
"} 
